GowinSynthesis start
Running parser ...
Analyzing Verilog file 'C:\Users\imaoca09\OneDrive\source\tangnano\instructions\src\instructions.v'
Analyzing included file 'C:\Users\imaoca09\OneDrive\source\tangnano\instructions\src\jnc2.asm'("C:\Users\imaoca09\OneDrive\source\tangnano\instructions\src\instructions.v":30)
Back to file 'C:\Users\imaoca09\OneDrive\source\tangnano\instructions\src\instructions.v'("C:\Users\imaoca09\OneDrive\source\tangnano\instructions\src\instructions.v":30)
Compiling module 'cpu'("C:\Users\imaoca09\OneDrive\source\tangnano\instructions\src\instructions.v":1)
Extracting RAM for identifier 'ram'("C:\Users\imaoca09\OneDrive\source\tangnano\instructions\src\instructions.v":8)
WARN  (EX3791) : Expression size 5 truncated to fit in target size 4("C:\Users\imaoca09\OneDrive\source\tangnano\instructions\src\instructions.v":45)
WARN  (EX3791) : Expression size 5 truncated to fit in target size 4("C:\Users\imaoca09\OneDrive\source\tangnano\instructions\src\instructions.v":46)
WARN  (EX3791) : Expression size 5 truncated to fit in target size 4("C:\Users\imaoca09\OneDrive\source\tangnano\instructions\src\instructions.v":49)
WARN  (EX3791) : Expression size 5 truncated to fit in target size 4("C:\Users\imaoca09\OneDrive\source\tangnano\instructions\src\instructions.v":50)
WARN  (EX3791) : Expression size 25 truncated to fit in target size 24("C:\Users\imaoca09\OneDrive\source\tangnano\instructions\src\instructions.v":53)
NOTE  (EX0101) : Current top module is "cpu"
[5%] Running netlist conversion ...
Running device independent optimization ...
[10%] Optimizing Phase 0 completed
[15%] Optimizing Phase 1 completed
[25%] Optimizing Phase 2 completed
Running inference ...
[30%] Inferring Phase 0 completed
[40%] Inferring Phase 1 completed
[50%] Inferring Phase 2 completed
[55%] Inferring Phase 3 completed
Running technical mapping ...
[60%] Tech-Mapping Phase 0 completed
[65%] Tech-Mapping Phase 1 completed
[75%] Tech-Mapping Phase 2 completed
[80%] Tech-Mapping Phase 3 completed
[90%] Tech-Mapping Phase 4 completed
[95%] Generate netlist file "C:\Users\imaoca09\OneDrive\source\tangnano\instructions\impl\gwsynthesis\instructions.vg" completed
[100%] Generate report file "C:\Users\imaoca09\OneDrive\source\tangnano\instructions\impl\gwsynthesis\instructions_syn.rpt.html" completed
GowinSynthesis finish
