Reading netlist file: "C:\Users\imaoca09\OneDrive\source\tangnano\sequencer\impl\gwsynthesis\sequencer.vg"
Parsing netlist file "C:\Users\imaoca09\OneDrive\source\tangnano\sequencer\impl\gwsynthesis\sequencer.vg" completed
Processing netlist completed
Reading constraint file: "C:\Users\imaoca09\OneDrive\source\tangnano\sequencer\src\sequencer.cst"
Physical Constraint parsed completed
Running placement......
[10%] Placement Phase 0 completed
[20%] Placement Phase 1 completed
[30%] Placement Phase 2 completed
[50%] Placement Phase 3 completed
Running routing......
[60%] Routing Phase 0 completed
[70%] Routing Phase 1 completed
[80%] Routing Phase 2 completed
[90%] Routing Phase 3 completed
Running timing analysis......
[95%] Timing analysis completed
Placement and routing completed
Bitstream generation in progress......
Bitstream generation completed
Running power analysis......
[100%] Power analysis completed
Generate file "C:\Users\imaoca09\OneDrive\source\tangnano\sequencer\impl\pnr\sequencer.power.html" completed
Generate file "C:\Users\imaoca09\OneDrive\source\tangnano\sequencer\impl\pnr\sequencer.pin.html" completed
Generate file "C:\Users\imaoca09\OneDrive\source\tangnano\sequencer\impl\pnr\sequencer.rpt.html" completed
Generate file "C:\Users\imaoca09\OneDrive\source\tangnano\sequencer\impl\pnr\sequencer.rpt.txt" completed
Generate file "C:\Users\imaoca09\OneDrive\source\tangnano\sequencer\impl\pnr\sequencer.tr.html" completed
Wed Oct 11 17:20:48 2023

