Reading netlist file: "C:\Users\imaoca09\OneDrive\source\tangnano\instructions\impl\gwsynthesis\instructions.vg"
Parsing netlist file "C:\Users\imaoca09\OneDrive\source\tangnano\instructions\impl\gwsynthesis\instructions.vg" completed
Processing netlist completed
Reading constraint file: "C:\Users\imaoca09\OneDrive\source\tangnano\instructions\src\instructions.cst"
Physical Constraint parsed completed
Running placement......
[10%] Placement Phase 0 completed
[20%] Placement Phase 1 completed
[30%] Placement Phase 2 completed
[50%] Placement Phase 3 completed
Running routing......
[60%] Routing Phase 0 completed
[70%] Routing Phase 1 completed
[80%] Routing Phase 2 completed
[90%] Routing Phase 3 completed
Running timing analysis......
[95%] Timing analysis completed
Placement and routing completed
Bitstream generation in progress......
Bitstream generation completed
Running power analysis......
[100%] Power analysis completed
Generate file "C:\Users\imaoca09\OneDrive\source\tangnano\instructions\impl\pnr\instructions.power.html" completed
Generate file "C:\Users\imaoca09\OneDrive\source\tangnano\instructions\impl\pnr\instructions.pin.html" completed
Generate file "C:\Users\imaoca09\OneDrive\source\tangnano\instructions\impl\pnr\instructions.rpt.html" completed
Generate file "C:\Users\imaoca09\OneDrive\source\tangnano\instructions\impl\pnr\instructions.rpt.txt" completed
Generate file "C:\Users\imaoca09\OneDrive\source\tangnano\instructions\impl\pnr\instructions.tr.html" completed
Tue Apr 25 17:52:11 2023

