GowinSynthesis start
Running parser ...
Analyzing Verilog file 'C:\Users\imaoca09\OneDrive\source\tangnano\dpad_left_usb__dl166_9k\src\cpu.v'
Undeclared symbol 'high', assumed default net type 'wire'("C:\Users\imaoca09\OneDrive\source\tangnano\dpad_left_usb__dl166_9k\src\cpu.v":13)
Compiling module 'cpu'("C:\Users\imaoca09\OneDrive\source\tangnano\dpad_left_usb__dl166_9k\src\cpu.v":1)
Extracting RAM for identifier 'ram'("C:\Users\imaoca09\OneDrive\source\tangnano\dpad_left_usb__dl166_9k\src\cpu.v":17)
WARN  (EX3791) : Expression size 32 truncated to fit in target size 8("C:\Users\imaoca09\OneDrive\source\tangnano\dpad_left_usb__dl166_9k\src\cpu.v":30)
WARN  (EX3791) : Expression size 32 truncated to fit in target size 8("C:\Users\imaoca09\OneDrive\source\tangnano\dpad_left_usb__dl166_9k\src\cpu.v":31)
WARN  (EX3791) : Expression size 4 truncated to fit in target size 3("C:\Users\imaoca09\OneDrive\source\tangnano\dpad_left_usb__dl166_9k\src\cpu.v":46)
WARN  (EX3791) : Expression size 5 truncated to fit in target size 4("C:\Users\imaoca09\OneDrive\source\tangnano\dpad_left_usb__dl166_9k\src\cpu.v":47)
WARN  (EX3791) : Expression size 32 truncated to fit in target size 4("C:\Users\imaoca09\OneDrive\source\tangnano\dpad_left_usb__dl166_9k\src\cpu.v":48)
WARN  (EX3791) : Expression size 32 truncated to fit in target size 3("C:\Users\imaoca09\OneDrive\source\tangnano\dpad_left_usb__dl166_9k\src\cpu.v":49)
WARN  (EX3791) : Expression size 5 truncated to fit in target size 4("C:\Users\imaoca09\OneDrive\source\tangnano\dpad_left_usb__dl166_9k\src\cpu.v":71)
WARN  (EX3791) : Expression size 5 truncated to fit in target size 4("C:\Users\imaoca09\OneDrive\source\tangnano\dpad_left_usb__dl166_9k\src\cpu.v":72)
WARN  (EX3791) : Expression size 5 truncated to fit in target size 4("C:\Users\imaoca09\OneDrive\source\tangnano\dpad_left_usb__dl166_9k\src\cpu.v":75)
WARN  (EX3791) : Expression size 5 truncated to fit in target size 4("C:\Users\imaoca09\OneDrive\source\tangnano\dpad_left_usb__dl166_9k\src\cpu.v":76)
WARN  (EX3791) : Expression size 25 truncated to fit in target size 24("C:\Users\imaoca09\OneDrive\source\tangnano\dpad_left_usb__dl166_9k\src\cpu.v":79)
NOTE  (EX0101) : Current top module is "cpu"
[5%] Running netlist conversion ...
WARN  (CV0016) : Input rst is unused("C:\Users\imaoca09\OneDrive\source\tangnano\dpad_left_usb__dl166_9k\src\cpu.v":4)
Running device independent optimization ...
[10%] Optimizing Phase 0 completed
[15%] Optimizing Phase 1 completed
[25%] Optimizing Phase 2 completed
Running inference ...
[30%] Inferring Phase 0 completed
[40%] Inferring Phase 1 completed
[50%] Inferring Phase 2 completed
[55%] Inferring Phase 3 completed
Running technical mapping ...
[60%] Tech-Mapping Phase 0 completed
[65%] Tech-Mapping Phase 1 completed
[75%] Tech-Mapping Phase 2 completed
[80%] Tech-Mapping Phase 3 completed
[90%] Tech-Mapping Phase 4 completed
[95%] Generate netlist file "C:\Users\imaoca09\OneDrive\source\tangnano\dpad_left_usb__dl166_9k\impl\gwsynthesis\dpad_left_usb__dl166_9k.vg" completed
[100%] Generate report file "C:\Users\imaoca09\OneDrive\source\tangnano\dpad_left_usb__dl166_9k\impl\gwsynthesis\dpad_left_usb__dl166_9k_syn.rpt.html" completed
GowinSynthesis finish
