Reading netlist file: "C:\Users\imaoca09\OneDrive\source\tangnano\dpad_left_usb__dl166_9k\impl\gwsynthesis\dpad_left_usb__dl166_9k.vg"
Parsing netlist file "C:\Users\imaoca09\OneDrive\source\tangnano\dpad_left_usb__dl166_9k\impl\gwsynthesis\dpad_left_usb__dl166_9k.vg" completed
Processing netlist completed
Reading constraint file: "C:\Users\imaoca09\OneDrive\source\tangnano\dpad_left_usb__dl166_9k\src\cpu.cst"
Physical Constraint parsed completed
Running placement......
[10%] Placement Phase 0 completed
[20%] Placement Phase 1 completed
[30%] Placement Phase 2 completed
[50%] Placement Phase 3 completed
Running routing......
[60%] Routing Phase 0 completed
[70%] Routing Phase 1 completed
[80%] Routing Phase 2 completed
[90%] Routing Phase 3 completed
Running timing analysis......
[95%] Timing analysis completed
Placement and routing completed
Bitstream generation in progress......
Bitstream generation completed
Running power analysis......
[100%] Power analysis completed
Generate file "C:\Users\imaoca09\OneDrive\source\tangnano\dpad_left_usb__dl166_9k\impl\pnr\dpad_left_usb__dl166_9k.power.html" completed
Generate file "C:\Users\imaoca09\OneDrive\source\tangnano\dpad_left_usb__dl166_9k\impl\pnr\dpad_left_usb__dl166_9k.pin.html" completed
Generate file "C:\Users\imaoca09\OneDrive\source\tangnano\dpad_left_usb__dl166_9k\impl\pnr\dpad_left_usb__dl166_9k.rpt.html" completed
Generate file "C:\Users\imaoca09\OneDrive\source\tangnano\dpad_left_usb__dl166_9k\impl\pnr\dpad_left_usb__dl166_9k.rpt.txt" completed
Generate file "C:\Users\imaoca09\OneDrive\source\tangnano\dpad_left_usb__dl166_9k\impl\pnr\dpad_left_usb__dl166_9k.tr.html" completed
Mon Oct 30 21:57:51 2023

