Reading netlist file: "C:\Users\imaoca09\OneDrive\source\tangnano\dpad_dl166_9K_USBleft_reverse\impl\gwsynthesis\dpad_dl166_9K_USBleft_reverse.vg"
Parsing netlist file "C:\Users\imaoca09\OneDrive\source\tangnano\dpad_dl166_9K_USBleft_reverse\impl\gwsynthesis\dpad_dl166_9K_USBleft_reverse.vg" completed
Processing netlist completed
Reading constraint file: "C:\Users\imaoca09\OneDrive\source\tangnano\dpad_dl166_9K_USBleft_reverse\src\cpu.cst"
Physical Constraint parsed completed
Running placement......
[10%] Placement Phase 0 completed
[20%] Placement Phase 1 completed
[30%] Placement Phase 2 completed
[50%] Placement Phase 3 completed
Running routing......
[60%] Routing Phase 0 completed
[70%] Routing Phase 1 completed
[80%] Routing Phase 2 completed
[90%] Routing Phase 3 completed
Running timing analysis......
[95%] Timing analysis completed
Placement and routing completed
Bitstream generation in progress......
Bitstream generation completed
Running power analysis......
[100%] Power analysis completed
Generate file "C:\Users\imaoca09\OneDrive\source\tangnano\dpad_dl166_9K_USBleft_reverse\impl\pnr\dpad_dl166_9K_USBleft_reverse.power.html" completed
Generate file "C:\Users\imaoca09\OneDrive\source\tangnano\dpad_dl166_9K_USBleft_reverse\impl\pnr\dpad_dl166_9K_USBleft_reverse.pin.html" completed
Generate file "C:\Users\imaoca09\OneDrive\source\tangnano\dpad_dl166_9K_USBleft_reverse\impl\pnr\dpad_dl166_9K_USBleft_reverse.rpt.html" completed
Generate file "C:\Users\imaoca09\OneDrive\source\tangnano\dpad_dl166_9K_USBleft_reverse\impl\pnr\dpad_dl166_9K_USBleft_reverse.rpt.txt" completed
Generate file "C:\Users\imaoca09\OneDrive\source\tangnano\dpad_dl166_9K_USBleft_reverse\impl\pnr\dpad_dl166_9K_USBleft_reverse.tr.html" completed
Sun Nov 05 12:34:29 2023

