Reading netlist file: "C:\Users\imaoca09\OneDrive\source\tangnano\dpad_right_usb_dl166\impl\gwsynthesis\dpad_right_usb_dl166.vg"
Parsing netlist file "C:\Users\imaoca09\OneDrive\source\tangnano\dpad_right_usb_dl166\impl\gwsynthesis\dpad_right_usb_dl166.vg" completed
Processing netlist completed
Reading constraint file: "C:\Users\imaoca09\OneDrive\source\tangnano\dpad_right_usb_dl166\src\cpu.cst"
Physical Constraint parsed completed
Running placement......
[10%] Placement Phase 0 completed
[20%] Placement Phase 1 completed
[30%] Placement Phase 2 completed
[50%] Placement Phase 3 completed
Running routing......
[60%] Routing Phase 0 completed
[70%] Routing Phase 1 completed
[80%] Routing Phase 2 completed
[90%] Routing Phase 3 completed
Running timing analysis......
[95%] Timing analysis completed
Placement and routing completed
Bitstream generation in progress......
Bitstream generation completed
Running power analysis......
[100%] Power analysis completed
Generate file "C:\Users\imaoca09\OneDrive\source\tangnano\dpad_right_usb_dl166\impl\pnr\dpad_right_usb_dl166.power.html" completed
Generate file "C:\Users\imaoca09\OneDrive\source\tangnano\dpad_right_usb_dl166\impl\pnr\dpad_right_usb_dl166.pin.html" completed
Generate file "C:\Users\imaoca09\OneDrive\source\tangnano\dpad_right_usb_dl166\impl\pnr\dpad_right_usb_dl166.rpt.html" completed
Generate file "C:\Users\imaoca09\OneDrive\source\tangnano\dpad_right_usb_dl166\impl\pnr\dpad_right_usb_dl166.rpt.txt" completed
Generate file "C:\Users\imaoca09\OneDrive\source\tangnano\dpad_right_usb_dl166\impl\pnr\dpad_right_usb_dl166.tr.html" completed
Fri Nov 17 17:05:41 2023

